<?xml version="1.0" encoding="UTF-8"?>
<!-- Generated by org.testng.reporters.JUnitReportReporter -->
<testsuite hostname="DESKTOP-VQKRNNU" failures="0" tests="2" name="TestNG2.Grouping_By_Hari_2" time="0.008" errors="0" timestamp="2022-11-08T15:50:35 IST" skipped="0">
  <testcase classname="TestNG2.Grouping_By_Hari_2" name="P1" time="0.003"/>
  <system-out>
    <![CDATA[I m in P1]]>
  </system-out>
  <testcase classname="TestNG2.Grouping_By_Hari_2" name="N1" time="0.005"/>
  <system-out>
    <![CDATA[I m in N1]]>
  </system-out>
</testsuite> <!-- TestNG2.Grouping_By_Hari_2 -->
