<?xml version="1.0" encoding="UTF-8"?>
<!-- Generated by org.testng.reporters.JUnitReportReporter -->
<testsuite hostname="DESKTOP-VQKRNNU" failures="0" tests="5" name="TestNG2.Standard_TestNG_2" time="0.067" errors="0" timestamp="2022-11-08T15:11:47 IST" skipped="0">
  <testcase classname="TestNG2.Standard_TestNG_2" name="st33" time="0.034"/>
  <system-out>
    <![CDATA[I m in st33]]>
  </system-out>
  <testcase classname="TestNG2.Standard_TestNG_2" name="st44" time="0.006"/>
  <system-out>
    <![CDATA[I m in st44]]>
  </system-out>
  <testcase classname="TestNG2.Standard_TestNG_2" name="st55" time="0.014"/>
  <system-out>
    <![CDATA[I m in st55]]>
  </system-out>
  <testcase classname="TestNG2.Standard_TestNG_2" name="st11" time="0.008"/>
  <system-out>
    <![CDATA[I m in st11]]>
  </system-out>
  <testcase classname="TestNG2.Standard_TestNG_2" name="st22" time="0.005"/>
  <system-out>
    <![CDATA[I m in st22]]>
  </system-out>
</testsuite> <!-- TestNG2.Standard_TestNG_2 -->
