<?xml version="1.0" encoding="UTF-8"?>
<!-- Generated by org.testng.reporters.JUnitReportReporter -->
<testsuite hostname="DESKTOP-VQKRNNU" failures="0" tests="7" name="Hari_Practice.testngpracticeTest" time="0.075" errors="0" timestamp="2023-01-04T13:38:57 IST" skipped="0">
  <testcase classname="Hari_Practice.testngpracticeTest" name="AAA" time="0.011"/>
  <system-out>
    <![CDATA[I m in AAA]]>
  </system-out>
  <testcase classname="Hari_Practice.testngpracticeTest" name="GGG" time="0.007"/>
  <system-out>
    <![CDATA[I m in GGG]]>
  </system-out>
  <testcase classname="Hari_Practice.testngpracticeTest" name="CCC" time="0.002"/>
  <system-out>
    <![CDATA[I m in CCC]]>
  </system-out>
  <testcase classname="Hari_Practice.testngpracticeTest" name="DDD" time="0.003"/>
  <system-out>
    <![CDATA[I m in DDD]]>
  </system-out>
  <testcase classname="Hari_Practice.testngpracticeTest" name="BBB" time="0.026"/>
  <system-out>
    <![CDATA[I m in BBB]]>
  </system-out>
  <testcase classname="Hari_Practice.testngpracticeTest" name="EEE" time="0.001"/>
  <system-out>
    <![CDATA[I m in EEE]]>
  </system-out>
  <testcase classname="Hari_Practice.testngpracticeTest" name="FFF" time="0.025"/>
  <system-out>
    <![CDATA[I m in FFF]]>
  </system-out>
</testsuite> <!-- Hari_Practice.testngpracticeTest -->
