<?xml version="1.0" encoding="UTF-8"?>
<!-- Generated by org.testng.reporters.JUnitReportReporter -->
<testsuite hostname="DESKTOP-VQKRNNU" failures="0" tests="2" name="TestNG2.Grouping_By_Hari_1" time="0.046" errors="0" timestamp="2022-11-08T15:50:35 IST" skipped="0">
  <testcase classname="TestNG2.Grouping_By_Hari_1" name="P" time="0.014"/>
  <system-out>
    <![CDATA[I m in P]]>
  </system-out>
  <testcase classname="TestNG2.Grouping_By_Hari_1" name="N" time="0.032"/>
  <system-out>
    <![CDATA[I m in N]]>
  </system-out>
</testsuite> <!-- TestNG2.Grouping_By_Hari_1 -->
