<?xml version="1.0" encoding="UTF-8"?>
<!-- Generated by org.testng.reporters.JUnitReportReporter -->
<testsuite hostname="DESKTOP-VQKRNNU" failures="0" tests="5" name="TestNG2.Standard_TestNG_1" time="0.063" errors="0" timestamp="2022-11-08T15:11:47 IST" skipped="0">
  <testcase classname="TestNG2.Standard_TestNG_1" name="st5" time="0.003"/>
  <system-out>
    <![CDATA[I m in st5]]>
  </system-out>
  <testcase classname="TestNG2.Standard_TestNG_1" name="st3" time="0.004"/>
  <system-out>
    <![CDATA[I m in st3]]>
  </system-out>
  <testcase classname="TestNG2.Standard_TestNG_1" name="st4" time="0.011"/>
  <system-out>
    <![CDATA[I m in st4]]>
  </system-out>
  <testcase classname="TestNG2.Standard_TestNG_1" name="st2" time="0.021"/>
  <system-out>
    <![CDATA[I m in st2]]>
  </system-out>
  <testcase classname="TestNG2.Standard_TestNG_1" name="st1" time="0.024"/>
  <system-out>
    <![CDATA[I m in st1]]>
  </system-out>
</testsuite> <!-- TestNG2.Standard_TestNG_1 -->
